<?xml version="1.0" encoding="UTF-8"?>
<!-- Generated by org.testng.reporters.JUnitReportReporter -->
<testsuite hostname="LAPTOP-CSB2KRLH" failures="0" tests="1" name="qaclickacademy.ExtentReportSemo" time="0.420" errors="0" timestamp="2020-10-05T08:38:20 IST" skipped="0">
  <testcase classname="qaclickacademy.ExtentReportSemo" name="initialDemo" time="0.420"/>
  <system-out/>
</testsuite> <!-- qaclickacademy.ExtentReportSemo -->
